<?xml version="1.0" encoding="UTF-8"?>
<!-- Generated by org.testng.reporters.JUnitReportReporter -->
<testsuite hostname="DESKTOP-393I6HB" failures="0" tests="1" name="RestAssured.DiffrentWaysToCreatePostRequestBody" time="5.383" errors="0" timestamp="2023-01-13T15:09:41 IST" skipped="0">
  <testcase classname="RestAssured.DiffrentWaysToCreatePostRequestBody" name="crateuserusingjson" time="5.383"/>
  <system-out/>
</testsuite> <!-- RestAssured.DiffrentWaysToCreatePostRequestBody -->
