<?xml version="1.0" encoding="UTF-8"?>
<!-- Generated by org.testng.reporters.JUnitReportReporter -->
<testsuite hostname="DESKTOP-393I6HB" failures="0" tests="2" name="RestAssured.GET" time="5.067" errors="0" timestamp="2023-01-10T18:16:39 IST" skipped="0">
  <testcase classname="RestAssured.GET" name="getUser" time="0.212"/>
  <system-out/>
  <testcase classname="RestAssured.GET" name="createUser" time="4.855"/>
  <system-out/>
</testsuite> <!-- RestAssured.GET -->
